<?xml version="1.0" encoding="UTF-8"?>
<testng-results ignored="0" total="2" passed="1" failed="1" skipped="0">
  <reporter-output>
  </reporter-output>
  <suite started-at="2022-08-14T15:23:28 IST" name="com.guru99" finished-at="2022-08-14T15:25:38 IST" duration-ms="129850">
    <groups>
    </groups>
    <test started-at="2022-08-14T15:23:28 IST" name="userlogin" finished-at="2022-08-14T15:25:38 IST" duration-ms="129850">
      <class name="com.guru99.testcases.loginTest_001">
        <test-method is-config="true" signature="setup(java.lang.String)[pri:0, instance:com.guru99.testcases.loginTest_001@27f981c6]" started-at="2022-08-14T15:24:41 IST" name="setup" finished-at="2022-08-14T15:24:45 IST" duration-ms="3704" status="PASS">
          <params>
            <param index="0">
              <value>
                <![CDATA[chrome]]>
              </value>
            </param>
          </params>
          <reporter-output>
          </reporter-output>
        </test-method> <!-- setup -->
        <test-method signature="loginTest()[pri:0, instance:com.guru99.testcases.loginTest_001@27f981c6]" started-at="2022-08-14T15:24:45 IST" name="loginTest" finished-at="2022-08-14T15:25:37 IST" duration-ms="52530" status="FAIL">
          <exception class="org.openqa.selenium.UnhandledAlertException">
            <message>
              <![CDATA[unexpected alert open: {Alert text : User is not valid}
  (Session info: chrome=103.0.5060.66): User is not valid
Build info: version: '4.2.2', revision: '683ccb65d6'
System info: host: 'DESKTOP-J585NT9', ip: '192.168.217.173', os.name: 'Windows 10', os.arch: 'amd64', os.version: '10.0', java.version: '18.0.1'
Driver info: org.openqa.selenium.chrome.ChromeDriver
Command: [f1bfc7e0161f7f726b2c837dae16b893, getCurrentUrl {}]
Capabilities {acceptInsecureCerts: false, browserName: chrome, browserVersion: 103.0.5060.66, chrome: {chromedriverVersion: 103.0.5060.53 (a1711811edd7..., userDataDir: C:\Users\hp\AppData\Local\T...}, goog:chromeOptions: {debuggerAddress: localhost:59144}, networkConnectionEnabled: false, pageLoadStrategy: normal, platformName: WINDOWS, proxy: Proxy(), se:cdp: ws://localhost:59144/devtoo..., se:cdpVersion: 103.0.5060.66, setWindowRect: true, strictFileInteractability: false, timeouts: {implicit: 0, pageLoad: 300000, script: 30000}, unhandledPromptBehavior: dismiss and notify, webauthn:extension:credBlob: true, webauthn:extension:largeBlob: true, webauthn:virtualAuthenticators: true}
Session ID: f1bfc7e0161f7f726b2c837dae16b893]]>
            </message>
            <full-stacktrace>
              <![CDATA[org.openqa.selenium.UnhandledAlertException: unexpected alert open: {Alert text : User is not valid}
  (Session info: chrome=103.0.5060.66): User is not valid
Build info: version: '4.2.2', revision: '683ccb65d6'
System info: host: 'DESKTOP-J585NT9', ip: '192.168.217.173', os.name: 'Windows 10', os.arch: 'amd64', os.version: '10.0', java.version: '18.0.1'
Driver info: org.openqa.selenium.chrome.ChromeDriver
Command: [f1bfc7e0161f7f726b2c837dae16b893, getCurrentUrl {}]
Capabilities {acceptInsecureCerts: false, browserName: chrome, browserVersion: 103.0.5060.66, chrome: {chromedriverVersion: 103.0.5060.53 (a1711811edd7..., userDataDir: C:\Users\hp\AppData\Local\T...}, goog:chromeOptions: {debuggerAddress: localhost:59144}, networkConnectionEnabled: false, pageLoadStrategy: normal, platformName: WINDOWS, proxy: Proxy(), se:cdp: ws://localhost:59144/devtoo..., se:cdpVersion: 103.0.5060.66, setWindowRect: true, strictFileInteractability: false, timeouts: {implicit: 0, pageLoad: 300000, script: 30000}, unhandledPromptBehavior: dismiss and notify, webauthn:extension:credBlob: true, webauthn:extension:largeBlob: true, webauthn:virtualAuthenticators: true}
Session ID: f1bfc7e0161f7f726b2c837dae16b893
at org.openqa.selenium.remote.codec.w3c.W3CHttpResponseCodec.decode(W3CHttpResponseCodec.java:131)
at org.openqa.selenium.remote.codec.w3c.W3CHttpResponseCodec.decode(W3CHttpResponseCodec.java:53)
at org.openqa.selenium.remote.HttpCommandExecutor.execute(HttpCommandExecutor.java:184)
at org.openqa.selenium.remote.service.DriverCommandExecutor.invokeExecute(DriverCommandExecutor.java:167)
at org.openqa.selenium.remote.service.DriverCommandExecutor.execute(DriverCommandExecutor.java:142)
at org.openqa.selenium.remote.RemoteWebDriver.execute(RemoteWebDriver.java:588)
at org.openqa.selenium.remote.RemoteWebDriver.execute(RemoteWebDriver.java:643)
at org.openqa.selenium.remote.RemoteWebDriver.execute(RemoteWebDriver.java:647)
at org.openqa.selenium.remote.RemoteWebDriver.getCurrentUrl(RemoteWebDriver.java:363)
at com.guru99.testcases.loginTest_001.loginTest(loginTest_001.java:16)
at java.base/jdk.internal.reflect.DirectMethodHandleAccessor.invoke(DirectMethodHandleAccessor.java:104)
at java.base/java.lang.reflect.Method.invoke(Method.java:577)
at org.testng.internal.invokers.MethodInvocationHelper.invokeMethod(MethodInvocationHelper.java:135)
at org.testng.internal.invokers.TestInvoker.invokeMethod(TestInvoker.java:673)
at org.testng.internal.invokers.TestInvoker.invokeTestMethod(TestInvoker.java:220)
at org.testng.internal.invokers.MethodRunner.runInSequence(MethodRunner.java:50)
at org.testng.internal.invokers.TestInvoker$MethodInvocationAgent.invoke(TestInvoker.java:945)
at org.testng.internal.invokers.TestInvoker.invokeTestMethods(TestInvoker.java:193)
at org.testng.internal.invokers.TestMethodWorker.invokeTestMethods(TestMethodWorker.java:146)
at org.testng.internal.invokers.TestMethodWorker.run(TestMethodWorker.java:128)
at java.base/java.util.ArrayList.forEach(ArrayList.java:1511)
at org.testng.TestRunner.privateRun(TestRunner.java:808)
at org.testng.TestRunner.run(TestRunner.java:603)
at org.testng.SuiteRunner.runTest(SuiteRunner.java:429)
at org.testng.SuiteRunner.runSequentially(SuiteRunner.java:423)
at org.testng.SuiteRunner.privateRun(SuiteRunner.java:383)
at org.testng.SuiteRunner.run(SuiteRunner.java:326)
at org.testng.SuiteRunnerWorker.runSuite(SuiteRunnerWorker.java:52)
at org.testng.SuiteRunnerWorker.run(SuiteRunnerWorker.java:95)
at org.testng.TestNG.runSuitesSequentially(TestNG.java:1249)
at org.testng.TestNG.runSuitesLocally(TestNG.java:1169)
at org.testng.TestNG.runSuites(TestNG.java:1092)
at org.testng.TestNG.run(TestNG.java:1060)
at org.testng.remote.AbstractRemoteTestNG.run(AbstractRemoteTestNG.java:115)
at org.testng.remote.RemoteTestNG.initAndRun(RemoteTestNG.java:251)
at org.testng.remote.RemoteTestNG.main(RemoteTestNG.java:77)
]]>
            </full-stacktrace>
          </exception> <!-- org.openqa.selenium.UnhandledAlertException -->
          <reporter-output>
          </reporter-output>
        </test-method> <!-- loginTest -->
        <test-method is-config="true" signature="teardown()[pri:0, instance:com.guru99.testcases.loginTest_001@27f981c6]" started-at="2022-08-14T15:25:37 IST" name="teardown" finished-at="2022-08-14T15:25:38 IST" duration-ms="630" status="PASS">
          <reporter-output>
          </reporter-output>
        </test-method> <!-- teardown -->
      </class> <!-- com.guru99.testcases.loginTest_001 -->
      <class name="com.guru99.testcases.screenshotTest">
        <test-method is-config="true" signature="setup(java.lang.String)[pri:0, instance:com.guru99.testcases.screenshotTest@290222c1]" started-at="2022-08-14T15:23:28 IST" name="setup" finished-at="2022-08-14T15:23:46 IST" duration-ms="18095" status="PASS">
          <params>
            <param index="0">
              <value>
                <![CDATA[chrome]]>
              </value>
            </param>
          </params>
          <reporter-output>
          </reporter-output>
        </test-method> <!-- setup -->
        <test-method signature="homepagescreenshot()[pri:0, instance:com.guru99.testcases.screenshotTest@290222c1]" started-at="2022-08-14T15:23:46 IST" name="homepagescreenshot" description="this is a screnshot of my loginpage" finished-at="2022-08-14T15:24:40 IST" duration-ms="53915" status="PASS">
          <reporter-output>
          </reporter-output>
        </test-method> <!-- homepagescreenshot -->
        <test-method is-config="true" signature="teardown()[pri:0, instance:com.guru99.testcases.screenshotTest@290222c1]" started-at="2022-08-14T15:24:40 IST" name="teardown" finished-at="2022-08-14T15:24:41 IST" duration-ms="771" status="PASS">
          <reporter-output>
          </reporter-output>
        </test-method> <!-- teardown -->
      </class> <!-- com.guru99.testcases.screenshotTest -->
    </test> <!-- userlogin -->
  </suite> <!-- com.guru99 -->
</testng-results>
